21:50:02 - "scalac" is not found on the PATH.  Scala files will not be recompiled
21:50:05 - !! Modified jar detected. Unpredictable results !!
21:53:15 - 'runtime\bin\applydiff.exe -p1 -u -i ..\..\temp\temp.patch -d src\minecraft' failed : 1
21:53:15 - 
21:53:15 - == ERRORS FOUND ==
21:53:15 - 
21:53:15 - 1 out of 1 hunk ignored -- saving rejects to file 'net\minecraft\world\gen\feature\WorldGenDeser#'
21:53:15 - ==================
21:53:15 - 
21:53:15 - 'runtime\bin\applydiff.exe -p1 -u -i ..\..\temp\temp.patch -d src\minecraft' failed : 1
21:53:15 - 
21:53:15 - == ERRORS FOUND ==
21:53:15 - 
21:53:15 - 1 out of 1 hunk ignored -- saving rejects to file 'net\minecraft\entity\monster\EntityEnderma#'
21:53:15 - ==================
21:53:15 - 
21:53:15 - 'runtime\bin\applydiff.exe -p1 -u -i ..\..\temp\temp.patch -d src\minecraft' failed : 1
21:53:15 - 
21:53:15 - == ERRORS FOUND ==
21:53:15 - 
21:53:15 - 2 out of 2 hunks FAILED -- saving rejects to file 'net\minecraft\block\BlockRail.jav#'
21:53:15 - ==================
21:53:15 - 
21:53:15 - 'runtime\bin\applydiff.exe -p1 -u -i ..\..\temp\temp.patch -d src\minecraft' failed : 1
21:53:15 - 
21:53:15 - == ERRORS FOUND ==
21:53:15 - 
21:53:15 - 3 out of 3 hunks FAILED -- saving rejects to file 'net\minecraft\client\renderer\BlockModelSha#'
21:53:15 - ==================
21:53:15 - 
21:53:15 - 'runtime\bin\applydiff.exe -p1 -u -i ..\..\temp\temp.patch -d src\minecraft' failed : 1
21:53:15 - 
21:53:15 - == ERRORS FOUND ==
21:53:15 - 
21:53:15 - ==================
21:53:15 - 
21:53:15 - 'runtime\bin\applydiff.exe -p1 -u -i ..\..\temp\temp.patch -d src\minecraft' failed : 1
21:53:15 - 
21:53:15 - == ERRORS FOUND ==
21:53:15 - 
21:53:15 - ==================
21:53:15 - 
21:53:15 - 'runtime\bin\applydiff.exe -p1 -u -i ..\..\temp\temp.patch -d src\minecraft' failed : 1
21:53:15 - 
21:53:15 - == ERRORS FOUND ==
21:53:15 - 
21:53:15 - ==================
21:53:15 - 
21:53:16 - 'runtime\bin\applydiff.exe -p1 -u -i ..\..\temp\temp.patch -d src\minecraft' failed : 1
21:53:16 - 
21:53:16 - == ERRORS FOUND ==
21:53:16 - 
21:53:16 - 1 out of 1 hunk FAILED -- saving rejects to file 'net\minecraft\client\renderer\entity\RenderManager#'
21:53:16 - ==================
21:53:16 - 
21:53:16 - 'runtime\bin\applydiff.exe -p1 -u -i ..\..\temp\temp.patch -d src\minecraft' failed : 1
21:53:16 - 
21:53:16 - == ERRORS FOUND ==
21:53:16 - 
21:53:16 - 1 out of 1 hunk FAILED -- saving rejects to file 'net\minecraft\util\IObjectIntIte#'
21:53:16 - ==================
21:53:16 - 
21:53:16 - 'runtime\bin\applydiff.exe -p1 -u -i ..\..\temp\temp.patch -d src\minecraft' failed : 1
21:53:16 - 
21:53:16 - == ERRORS FOUND ==
21:53:16 - 
21:53:16 - ==================
21:53:16 - 
21:53:16 - 'runtime\bin\applydiff.exe -p1 -u -i ..\..\temp\temp.patch -d src\minecraft' failed : 1
21:53:16 - 
21:53:16 - == ERRORS FOUND ==
21:53:16 - 
21:53:16 - 1 out of 1 hunk FAILED -- saving rejects to file 'net\minecraft\scoreboard\Scoreboard.ja#'
21:53:16 - ==================
21:53:16 - 
21:53:16 - 'runtime\bin\applydiff.exe -p1 -u -i ..\..\temp\temp.patch -d src\minecraft' failed : 1
21:53:16 - 
21:53:16 - == ERRORS FOUND ==
21:53:16 - 
21:53:16 - 1 out of 1 hunk ignored -- saving rejects to file 'net\minecraft\client\gui\GuiPageButton#'
21:53:16 - ==================
21:53:16 - 
21:53:16 - 'runtime\bin\applydiff.exe -p1 -u -i ..\..\temp\temp.patch -d src\minecraft' failed : 1
21:53:16 - 
21:53:16 - == ERRORS FOUND ==
21:53:16 - 
21:53:16 - ==================
21:53:16 - 
21:53:16 - 'runtime\bin\applydiff.exe -p1 -u -i ..\..\temp\temp.patch -d src\minecraft' failed : 1
21:53:16 - 
21:53:16 - == ERRORS FOUND ==
21:53:16 - 
21:53:16 - 1 out of 1 hunk FAILED -- saving rejects to file 'net\minecraft\client\renderer\ItemRenderer.#'
21:53:16 - ==================
21:53:16 - 
21:53:16 - 'runtime\bin\applydiff.exe -p1 -u -i ..\..\temp\temp.patch -d src\minecraft' failed : 1
21:53:16 - 
21:53:16 - == ERRORS FOUND ==
21:53:16 - 
21:53:16 - 2 out of 2 hunks FAILED -- saving rejects to file 'net\minecraft\block\BlockRailDete#'
21:53:16 - ==================
21:53:16 - 
21:53:16 - 'runtime\bin\applydiff.exe -p1 -u -i ..\..\temp\temp.patch -d src\minecraft' failed : 1
21:53:16 - 
21:53:16 - == ERRORS FOUND ==
21:53:16 - 
21:53:16 - ==================
21:53:16 - 
21:53:16 - 'runtime\bin\applydiff.exe -p1 -u -i ..\..\temp\temp.patch -d src\minecraft' failed : 1
21:53:16 - 
21:53:16 - == ERRORS FOUND ==
21:53:16 - 
21:53:16 - 1 out of 1 hunk FAILED -- saving rejects to file 'net\minecraft\inventory\ContainerPlay#'
21:53:16 - ==================
21:53:16 - 
21:53:16 - 'runtime\bin\applydiff.exe -p1 -u -i ..\..\temp\temp.patch -d src\minecraft' failed : 1
21:53:16 - 
21:53:16 - == ERRORS FOUND ==
21:53:16 - 
21:53:16 - 2 out of 2 hunks FAILED -- saving rejects to file 'net\minecraft\tileentity\TileEntityPis#'
21:53:16 - ==================
21:53:16 - 
21:53:16 - 'runtime\bin\applydiff.exe -p1 -u -i ..\..\temp\temp.patch -d src\minecraft' failed : 1
21:53:16 - 
21:53:16 - == ERRORS FOUND ==
21:53:16 - 
21:53:16 - 3 out of 3 hunks FAILED -- saving rejects to file 'net\minecraft\world\World.java.rej'
21:53:16 - ==================
21:53:16 - 
21:53:16 - 'runtime\bin\applydiff.exe -p1 -u -i ..\..\temp\temp.patch -d src\minecraft' failed : 1
21:53:16 - 
21:53:16 - == ERRORS FOUND ==
21:53:16 - 
21:53:16 - 1 out of 1 hunk FAILED -- saving rejects to file 'net\minecraft\block\BlockHugeMush#'
21:53:16 - ==================
21:53:16 - 
21:53:16 - 'runtime\bin\applydiff.exe -p1 -u -i ..\..\temp\temp.patch -d src\minecraft' failed : 1
21:53:16 - 
21:53:16 - == ERRORS FOUND ==
21:53:16 - 
21:53:16 - 1 out of 1 hunk FAILED -- saving rejects to file 'net\minecraft\network\EnumConnectio#'
21:53:16 - ==================
21:53:16 - 
21:53:17 - 'runtime\bin\applydiff.exe -p1 -u -i ..\..\temp\temp.patch -d src\minecraft' failed : 1
21:53:17 - 
21:53:17 - == ERRORS FOUND ==
21:53:17 - 
21:53:17 - 1 out of 1 hunk FAILED -- saving rejects to file 'net\minecraft\util\EnumTypeAdapt#'
21:53:17 - ==================
21:53:17 - 
21:53:17 - 'runtime\bin\applydiff.exe -p1 -u -i ..\..\temp\temp.patch -d src\minecraft' failed : 1
21:53:17 - 
21:53:17 - == ERRORS FOUND ==
21:53:17 - 
21:53:17 - 1 out of 1 hunk FAILED -- saving rejects to file 'net\minecraft\client\renderer\chunk\ChunkRenderWo#'
21:53:17 - ==================
21:53:17 - 
21:53:17 - 'runtime\bin\applydiff.exe -p1 -u -i ..\..\temp\temp.patch -d src\minecraft' failed : 1
21:53:17 - 
21:53:17 - == ERRORS FOUND ==
21:53:17 - 
21:53:17 - ==================
21:53:17 - 
21:53:17 - 'runtime\bin\applydiff.exe -p1 -u -i ..\..\temp\temp.patch -d src\minecraft' failed : 1
21:53:17 - 
21:53:17 - == ERRORS FOUND ==
21:53:17 - 
21:53:17 - 1 out of 1 hunk FAILED -- saving rejects to file 'net\minecraft\client\resources\ResourcePackR#'
21:53:17 - ==================
21:53:17 - 
21:53:17 - 'runtime\bin\applydiff.exe -p1 -u -i ..\..\temp\temp.patch -d src\minecraft' failed : 1
21:53:17 - 
21:53:17 - == ERRORS FOUND ==
21:53:17 - 
21:53:17 - ==================
21:53:17 - 
21:53:17 - 'runtime\bin\applydiff.exe -p1 -u -i ..\..\temp\temp.patch -d src\minecraft' failed : 1
21:53:17 - 
21:53:17 - == ERRORS FOUND ==
21:53:17 - 
21:53:17 - 1 out of 1 hunk FAILED -- saving rejects to file 'net\minecraft\client\settings\KeyBinding.ja#'
21:53:17 - ==================
21:53:17 - 
21:53:17 - 'runtime\bin\applydiff.exe -p1 -u -i ..\..\temp\temp.patch -d src\minecraft' failed : 1
21:53:17 - 
21:53:17 - == ERRORS FOUND ==
21:53:17 - 
21:53:17 - 3 out of 3 hunks FAILED -- saving rejects to file 'net\minecraft\util\ClassInherita#'
21:53:17 - ==================
21:53:17 - 
21:53:17 - 'runtime\bin\applydiff.exe -p1 -u -i ..\..\temp\temp.patch -d src\minecraft' failed : 1
21:53:17 - 
21:53:17 - == ERRORS FOUND ==
21:53:17 - 
21:53:17 - 1 out of 1 hunk FAILED -- saving rejects to file 'net\minecraft\client\renderer\block\statemap\StateMapperBa#'
21:53:17 - ==================
21:53:17 - 
21:53:17 - 'runtime\bin\applydiff.exe -p1 -u -i ..\..\temp\temp.patch -d src\minecraft' failed : 1
21:53:17 - 
21:53:17 - == ERRORS FOUND ==
21:53:17 - 
21:53:17 - 2 out of 2 hunks FAILED -- saving rejects to file 'net\minecraft\entity\ai\EntityAINeare#'
21:53:17 - ==================
21:53:17 - 
21:53:17 - 'runtime\bin\applydiff.exe -p1 -u -i ..\..\temp\temp.patch -d src\minecraft' failed : 1
21:53:17 - 
21:53:17 - == ERRORS FOUND ==
21:53:17 - 
21:53:17 - 2 out of 2 hunks FAILED -- saving rejects to file 'net\minecraft\util\EntitySelecto#'
21:53:17 - ==================
21:53:17 - 
21:53:17 - 'runtime\bin\applydiff.exe -p1 -u -i ..\..\temp\temp.patch -d src\minecraft' failed : 1
21:53:17 - 
21:53:17 - == ERRORS FOUND ==
21:53:17 - 
21:53:17 - 1 out of 1 hunk FAILED -- saving rejects to file 'net\minecraft\util\MessageSerial#'
21:53:17 - ==================
21:53:17 - 
21:53:17 - 'runtime\bin\applydiff.exe -p1 -u -i ..\..\temp\temp.patch -d src\minecraft' failed : 1
21:53:17 - 
21:53:17 - == ERRORS FOUND ==
21:53:17 - 
21:53:17 - 1 out of 1 hunk ignored -- saving rejects to file 'net\minecraft\world\gen\layer\GenLayer.java#'
21:53:17 - ==================
21:53:17 - 
21:53:18 - 'runtime\bin\applydiff.exe -p1 -u -i ..\..\temp\temp.patch -d src\minecraft' failed : 1
21:53:18 - 
21:53:18 - == ERRORS FOUND ==
21:53:18 - 
21:53:18 - ==================
21:53:18 - 
21:53:18 - 'runtime\bin\applydiff.exe -p1 -u -i ..\..\temp\temp.patch -d src\minecraft' failed : 1
21:53:18 - 
21:53:18 - == ERRORS FOUND ==
21:53:18 - 
21:53:18 - 2 out of 2 hunks FAILED -- saving rejects to file 'net\minecraft\nbt\NBTUtil.java#'
21:53:18 - ==================
21:53:18 - 
21:53:18 - 'runtime\bin\applydiff.exe -p1 -u -i ..\..\temp\temp.patch -d src\minecraft' failed : 1
21:53:18 - 
21:53:18 - == ERRORS FOUND ==
21:53:18 - 
21:53:18 - ==================
21:53:18 - 
21:53:18 - 'runtime\bin\applydiff.exe -p1 -u -i ..\..\temp\temp.patch -d src\minecraft' failed : 1
21:53:18 - 
21:53:18 - == ERRORS FOUND ==
21:53:18 - 
21:53:18 - 1 out of 1 hunk FAILED -- saving rejects to file 'net\minecraft\block\BlockStairs.j#'
21:53:18 - ==================
21:53:18 - 
21:53:18 - 'runtime\bin\applydiff.exe -p1 -u -i ..\..\temp\temp.patch -d src\minecraft' failed : 1
21:53:18 - 
21:53:18 - == ERRORS FOUND ==
21:53:18 - 
21:53:18 - 1 out of 3 hunks FAILED -- saving rejects to file 'net\minecraft\client\Minecraft.jav#'
21:53:18 - ==================
21:53:18 - 
21:53:18 - 'runtime\bin\applydiff.exe -p1 -u -i ..\..\temp\temp.patch -d src\minecraft' failed : 1
21:53:18 - 
21:53:18 - == ERRORS FOUND ==
21:53:18 - 
21:53:18 - ==================
21:53:18 - 
21:53:18 - 'runtime\bin\applydiff.exe -p1 -u -i ..\..\temp\temp.patch -d src\minecraft' failed : 1
21:53:18 - 
21:53:18 - == ERRORS FOUND ==
21:53:18 - 
21:53:18 - 1 out of 1 hunk FAILED -- saving rejects to file 'net\minecraft\item\ItemSlab.java#'
21:53:18 - ==================
21:53:18 - 
21:53:18 - 'runtime\bin\applydiff.exe -p1 -u -i ..\..\temp\temp.patch -d src\minecraft' failed : 1
21:53:18 - 
21:53:18 - == ERRORS FOUND ==
21:53:18 - 
21:53:18 - ==================
21:53:18 - 
21:53:18 - 'runtime\bin\applydiff.exe -p1 -u -i ..\..\temp\temp.patch -d src\minecraft' failed : 1
21:53:18 - 
21:53:18 - == ERRORS FOUND ==
21:53:18 - 
21:53:18 - ==================
21:53:18 - 
21:53:18 - 'runtime\bin\applydiff.exe -p1 -u -i ..\..\temp\temp.patch -d src\minecraft' failed : 1
21:53:18 - 
21:53:18 - == ERRORS FOUND ==
21:53:18 - 
21:53:18 - 1 out of 1 hunk FAILED -- saving rejects to file 'net\minecraft\item\ItemMap.java#'
21:53:18 - ==================
21:53:18 - 
21:53:18 - 'runtime\bin\applydiff.exe -p1 -u -i ..\..\temp\temp.patch -d src\minecraft' failed : 1
21:53:18 - 
21:53:18 - == ERRORS FOUND ==
21:53:18 - 
21:53:18 - ==================
21:53:18 - 
21:53:19 - 'runtime\bin\applydiff.exe -p1 -u -i ..\..\temp\temp.patch -d src\minecraft' failed : 1
21:53:19 - 
21:53:19 - == ERRORS FOUND ==
21:53:19 - 
21:53:19 - 1 out of 1 hunk FAILED -- saving rejects to file 'net\minecraft\client\renderer\block\statemap\StateMap.java#'
21:53:19 - ==================
21:53:19 - 
21:53:19 - 'runtime\bin\applydiff.exe -p1 -u -i ..\..\temp\temp.patch -d src\minecraft' failed : 1
21:53:19 - 
21:53:19 - == ERRORS FOUND ==
21:53:19 - 
21:53:19 - 2 out of 2 hunks FAILED -- saving rejects to file 'net\minecraft\util\ThreadSafeBou#'
21:53:19 - ==================
21:53:19 - 
21:53:19 - 'runtime\bin\applydiff.exe -p1 -u -i ..\..\temp\temp.patch -d src\minecraft' failed : 1
21:53:19 - 
21:53:19 - == ERRORS FOUND ==
21:53:19 - 
21:53:19 - 1 out of 1 hunk FAILED -- saving rejects to file 'net\minecraft\client\gui\GuiSnooper.ja#'
21:53:19 - ==================
21:53:19 - 
21:53:19 - 'runtime\bin\applydiff.exe -p1 -u -i ..\..\temp\temp.patch -d src\minecraft' failed : 1
21:53:19 - 
21:53:19 - == ERRORS FOUND ==
21:53:19 - 
21:53:19 - 1 out of 1 hunk FAILED -- saving rejects to file 'net\minecraft\command\CommandBase.j#'
21:53:19 - ==================
21:53:19 - 
21:53:19 - 'runtime\bin\applydiff.exe -p1 -u -i ..\..\temp\temp.patch -d src\minecraft' failed : 1
21:53:19 - 
21:53:19 - == ERRORS FOUND ==
21:53:19 - 
21:53:19 - 2 out of 2 hunks FAILED -- saving rejects to file 'net\minecraft\client\particle\EffectRendere#'
21:53:19 - ==================
21:53:19 - 
21:53:19 - 'runtime\bin\applydiff.exe -p1 -u -i ..\..\temp\temp.patch -d src\minecraft' failed : 1
21:53:19 - 
21:53:19 - == ERRORS FOUND ==
21:53:19 - 
21:53:19 - 1 out of 1 hunk FAILED -- saving rejects to file 'net\minecraft\client\renderer\entity\layers\LayerBipedArm#'
21:53:19 - ==================
21:53:19 - 
21:53:19 - 'runtime\bin\applydiff.exe -p1 -u -i ..\..\temp\temp.patch -d src\minecraft' failed : 1
21:53:19 - 
21:53:19 - == ERRORS FOUND ==
21:53:19 - 
21:53:19 - 1 out of 1 hunk FAILED -- saving rejects to file 'net\minecraft\entity\EntityHanging#'
21:53:19 - ==================
21:53:19 - 
21:53:19 - 'runtime\bin\applydiff.exe -p1 -u -i ..\..\temp\temp.patch -d src\minecraft' failed : 1
21:53:19 - 
21:53:19 - == ERRORS FOUND ==
21:53:19 - 
21:53:19 - 1 out of 1 hunk FAILED -- saving rejects to file 'net\minecraft\client\resources\SimpleResourc#'
21:53:19 - ==================
21:53:19 - 
21:53:19 - 'runtime\bin\applydiff.exe -p1 -u -i ..\..\temp\temp.patch -d src\minecraft' failed : 1
21:53:19 - 
21:53:19 - == ERRORS FOUND ==
21:53:19 - 
21:53:19 - 1 out of 2 hunks FAILED -- saving rejects to file 'net\minecraft\client\renderer\texture\TextureMap.ja#'
21:53:19 - ==================
21:53:19 - 
21:53:19 - 'runtime\bin\applydiff.exe -p1 -u -i ..\..\temp\temp.patch -d src\minecraft' failed : 1
21:53:19 - 
21:53:19 - == ERRORS FOUND ==
21:53:19 - 
21:53:19 - 1 out of 1 hunk FAILED -- saving rejects to file 'net\minecraft\util\Cartesian.jav#'
21:53:19 - ==================
21:53:19 - 
21:53:20 - 'runtime\bin\applydiff.exe -p1 -u -i ..\..\temp\temp.patch -d src\minecraft' failed : 1
21:53:20 - 
21:53:20 - == ERRORS FOUND ==
21:53:20 - 
21:53:20 - 4 out of 6 hunks FAILED -- saving rejects to file 'net\minecraft\command\PlayerSelecto#'
21:53:20 - ==================
21:53:20 - 
21:53:20 - 'runtime\bin\applydiff.exe -p1 -u -i ..\..\temp\temp.patch -d src\minecraft' failed : 1
21:53:20 - 
21:53:20 - == ERRORS FOUND ==
21:53:20 - 
21:53:20 - 1 out of 1 hunk FAILED -- saving rejects to file 'net\minecraft\entity\EntityList.ja#'
21:53:20 - ==================
21:53:20 - 
21:53:20 - 'runtime\bin\applydiff.exe -p1 -u -i ..\..\temp\temp.patch -d src\minecraft' failed : 1
21:53:20 - 
21:53:20 - == ERRORS FOUND ==
21:53:20 - 
21:53:20 - ==================
21:53:20 - 
21:53:20 - 'runtime\bin\applydiff.exe -p1 -u -i ..\..\temp\temp.patch -d src\minecraft' failed : 1
21:53:20 - 
21:53:20 - == ERRORS FOUND ==
21:53:20 - 
21:53:20 - ==================
21:53:20 - 
21:53:20 - 'runtime\bin\applydiff.exe -p1 -u -i ..\..\temp\temp.patch -d src\minecraft' failed : 1
21:53:20 - 
21:53:20 - == ERRORS FOUND ==
21:53:20 - 
21:53:20 - 3 out of 3 hunks FAILED -- saving rejects to file 'net\minecraft\entity\Entity.java#'
21:53:20 - ==================
21:53:20 - 
21:53:20 - 'runtime\bin\applydiff.exe -p1 -u -i ..\..\temp\temp.patch -d src\minecraft' failed : 1
21:53:20 - 
21:53:20 - == ERRORS FOUND ==
21:53:20 - 
21:53:20 - ==================
21:53:20 - 
21:53:20 - 'runtime\bin\applydiff.exe -p1 -u -i ..\..\temp\temp.patch -d src\minecraft' failed : 1
21:53:20 - 
21:53:20 - == ERRORS FOUND ==
21:53:20 - 
21:53:20 - ==================
21:53:20 - 
21:53:20 - 'runtime\bin\applydiff.exe -p1 -u -i ..\..\temp\temp.patch -d src\minecraft' failed : 1
21:53:20 - 
21:53:20 - == ERRORS FOUND ==
21:53:20 - 
21:53:20 - 1 out of 1 hunk ignored -- saving rejects to file 'net\minecraft\entity\ai\EntityAIEatGr#'
21:53:20 - ==================
21:53:20 - 
21:53:20 - 'runtime\bin\applydiff.exe -p1 -u -i ..\..\temp\temp.patch -d src\minecraft' failed : 1
21:53:20 - 
21:53:20 - == ERRORS FOUND ==
21:53:20 - 
21:53:20 - 1 out of 1 hunk ignored -- saving rejects to file 'net\minecraft\entity\ai\EntityAIAvoid#'
21:53:20 - ==================
21:53:20 - 
21:53:20 - 'runtime\bin\applydiff.exe -p1 -u -i ..\..\temp\temp.patch -d src\minecraft' failed : 1
21:53:20 - 
21:53:20 - == ERRORS FOUND ==
21:53:20 - 
21:53:20 - 1 out of 1 hunk FAILED -- saving rejects to file 'net\minecraft\client\renderer\tileentity\TileEntityRen#'
21:53:20 - ==================
21:53:20 - 
21:53:20 - 'runtime\bin\applydiff.exe -p1 -u -i ..\..\temp\temp.patch -d src\minecraft' failed : 1
21:53:20 - 
21:53:20 - == ERRORS FOUND ==
21:53:20 - 
21:53:20 - ==================
21:53:20 - 
21:53:20 - 'runtime\bin\applydiff.exe -p1 -u -i ..\..\temp\temp.patch -d src\minecraft' failed : 1
21:53:20 - 
21:53:20 - == ERRORS FOUND ==
21:53:20 - 
21:53:20 - ==================
21:53:20 - 
21:53:21 - 'runtime\bin\applydiff.exe -p1 -u -i ..\..\temp\temp.patch -d src\minecraft' failed : 1
21:53:21 - 
21:53:21 - == ERRORS FOUND ==
21:53:21 - 
21:53:21 - ==================
21:53:21 - 
21:53:21 - 'runtime\bin\applydiff.exe -p1 -u -i ..\..\temp\temp.patch -d src\minecraft' failed : 1
21:53:21 - 
21:53:21 - == ERRORS FOUND ==
21:53:21 - 
21:53:21 - ==================
21:53:21 - 
21:53:21 - 'runtime\bin\applydiff.exe -p1 -u -i ..\..\temp\temp.patch -d src\minecraft' failed : 1
21:53:21 - 
21:53:21 - == ERRORS FOUND ==
21:53:21 - 
21:53:21 - 1 out of 1 hunk FAILED -- saving rejects to file 'net\minecraft\nbt\JsonToNBT.jav#'
21:53:21 - ==================
21:53:21 - 
21:53:47 - !! Missing server jar file. Aborting !!
21:53:51 - '"C:\Program Files\Eclipse Adoptium\jdk-8.0.422.5-hotspot\bin\javac" -Xlint:-options -deprecation -g -source 1.8 -target 1.8 -classpath "jars\versions\1.8.8\1.8.8.jar;lib;lib\*;jars\libraries\com\google\code\findbugs\jsr305\3.0.1\jsr305-3.0.1.jar;jars\libraries\net\java\jinput\jinput\2.0.5\jinput-2.0.5.jar;jars\libraries\com\ibm\icu\icu4j-core-mojang\51.2\icu4j-core-mojang-51.2.jar;jars\libraries\org\apache\httpcomponents\httpcore\4.3.2\httpcore-4.3.2.jar;jars\libraries\org\apache\logging\log4j\log4j-api\2.0-beta9\log4j-api-2.0-beta9.jar;jars\libraries\org\apache\commons\commons-lang3\3.3.2\commons-lang3-3.3.2.jar;jars\libraries\net\java\dev\jna\jna\3.4.0\jna-3.4.0.jar;jars\libraries\org\lwjgl\lwjgl\lwjgl-platform\2.9.4-nightly-20150209\lwjgl-platform-2.9.4-nightly-20150209-natives-windows.jar;jars\libraries\com\paulscode\libraryjavasound\20101123\libraryjavasound-20101123.jar;jars\libraries\net\sf\jopt-simple\jopt-simple\4.6\jopt-simple-4.6.jar;jars\libraries\com\google\guava\guava\17.0\guava-17.0.jar;jars\libraries\oshi-project\oshi-core\1.1\oshi-core-1.1.jar;jars\libraries\org\apache\httpcomponents\httpclient\4.3.3\httpclient-4.3.3.jar;jars\libraries\org\apache\commons\commons-compress\1.8.1\commons-compress-1.8.1.jar;jars\libraries\net\java\dev\jna\platform\3.4.0\platform-3.4.0.jar;jars\libraries\com\paulscode\codecjorbis\20101023\codecjorbis-20101023.jar;jars\libraries\com\paulscode\soundsystem\20120107\soundsystem-20120107.jar;jars\libraries\com\paulscode\librarylwjglopenal\20100824\librarylwjglopenal-20100824.jar;jars\libraries\org\lwjgl\lwjgl\lwjgl_util\2.9.4-nightly-20150209\lwjgl_util-2.9.4-nightly-20150209.jar;jars\libraries\commons-codec\commons-codec\1.9\commons-codec-1.9.jar;jars\libraries\net\java\jutils\jutils\1.0.0\jutils-1.0.0.jar;jars\libraries\tv\twitch\twitch-external-platform\4.5\twitch-external-platform-4.5-natives-windows-64.jar;jars\libraries\commons-logging\commons-logging\1.1.3\commons-logging-1.1.3.jar;jars\libraries\tv\twitch\twitch-platform\6.5\twitch-platform-6.5-natives-windows-64.jar;jars\libraries\org\lwjgl\lwjgl\lwjgl\2.9.4-nightly-20150209\lwjgl-2.9.4-nightly-20150209.jar;jars\libraries\commons-io\commons-io\2.4\commons-io-2.4.jar;jars\libraries\com\mojang\realms\1.7.39\realms-1.7.39.jar;jars\libraries\com\mojang\authlib\1.5.21\authlib-1.5.21.jar;jars\libraries\com\google\code\gson\gson\2.2.4\gson-2.2.4.jar;jars\libraries\com\mojang\netty\1.8.8\netty-1.8.8.jar;jars\libraries\net\java\jinput\jinput-platform\2.0.5\jinput-platform-2.0.5-natives-windows.jar;jars\libraries\tv\twitch\twitch\6.5\twitch-6.5.jar;jars\libraries\com\paulscode\codecwav\20101023\codecwav-20101023.jar;jars\libraries\org\apache\logging\log4j\log4j-core\2.0-beta9\log4j-core-2.0-beta9.jar;jars\libraries\io\netty\netty-all\4.0.23.Final\netty-all-4.0.23.Final.jar" -sourcepath src\minecraft -d bin\minecraft @temp\java_src_client.txt' failed : 1
21:53:51 - 
21:53:51 - == ERRORS FOUND in JAVA CODE ==
21:53:51 - 
21:53:51 - src\minecraft\net\minecraft\client\Minecraft.java:410: error: 'try' without 'catch', 'finally' or resource declarations
21:53:51 -             try
21:53:51 -             ^
21:53:51 - 
21:53:51 - src\minecraft\net\minecraft\client\Minecraft.java:436: error: 'catch' without 'try'
21:53:51 -         catch (MinecraftError var12)
21:53:51 -         ^
21:53:51 - 
21:53:51 - src\minecraft\net\minecraft\client\Minecraft.java:440: error: 'catch' without 'try'
21:53:51 -         catch (ReportedException reportedexception)
21:53:51 -         ^
21:53:51 - 
21:53:51 - src\minecraft\net\minecraft\client\Minecraft.java:448: error: 'catch' without 'try'
21:53:51 -         catch (Throwable throwable1)
21:53:51 -         ^
21:53:51 - 
21:53:51 - src\minecraft\net\minecraft\client\Minecraft.java:456: error: 'finally' without 'try'
21:53:51 -         finally
21:53:51 -         ^
21:53:51 - 
21:53:51 - src\minecraft\net\minecraft\client\Minecraft.java:465: error: class, interface, or enum expected
21:53:51 - private void startGame() throws LWJGLException, IOException
21:53:51 -         ^
21:53:51 - 
21:53:51 - src\minecraft\net\minecraft\client\Minecraft.java:468: error: class, interface, or enum expected
21:53:51 -     this.defaultResourcePacks.add(this.mcDefaultResourcePack);
21:53:51 -     ^
21:53:51 - 
21:53:51 - src\minecraft\net\minecraft\client\Minecraft.java:469: error: class, interface, or enum expected
21:53:51 -     this.startTimerHackThread();
21:53:51 -     ^
21:53:51 - 
21:53:51 - src\minecraft\net\minecraft\client\Minecraft.java:471: error: class, interface, or enum expected
21:53:51 -     if (this.gameSettings.overrideHeight > 0 && this.gameSettings.overrideWidth > 0)
21:53:51 -     ^
21:53:51 - 
21:53:51 - src\minecraft\net\minecraft\client\Minecraft.java:474: error: class, interface, or enum expected
21:53:51 -         this.displayHeight = this.gameSettings.overrideHeight;
21:53:51 -         ^
21:53:51 - 
21:53:51 - src\minecraft\net\minecraft\client\Minecraft.java:475: error: class, interface, or enum expected
21:53:51 -     }
21:53:51 -     ^
21:53:51 - 
21:53:51 - src\minecraft\net\minecraft\client\Minecraft.java:478: error: class, interface, or enum expected
21:53:51 -     this.setWindowIcon();
21:53:51 -     ^
21:53:51 - 
21:53:51 - src\minecraft\net\minecraft\client\Minecraft.java:479: error: class, interface, or enum expected
21:53:51 -     this.setInitialDisplayMode();
21:53:51 -     ^
21:53:51 - 
21:53:51 - src\minecraft\net\minecraft\client\Minecraft.java:480: error: class, interface, or enum expected
21:53:51 -     this.createDisplay();
21:53:51 -     ^
21:53:51 - 
21:53:51 - src\minecraft\net\minecraft\client\Minecraft.java:481: error: class, interface, or enum expected
21:53:51 -     OpenGlHelper.initializeTextures();
21:53:51 -     ^
21:53:51 - 
21:53:51 - src\minecraft\net\minecraft\client\Minecraft.java:482: error: class, interface, or enum expected
21:53:51 -     this.framebufferMc = new Framebuffer(this.displayWidth, this.displayHeight, true);
21:53:51 -     ^
21:53:51 - 
21:53:51 - src\minecraft\net\minecraft\client\Minecraft.java:483: error: class, interface, or enum expected
21:53:51 -     this.framebufferMc.setFramebufferColor(0.0F, 0.0F, 0.0F, 0.0F);
21:53:51 -     ^
21:53:51 - 
21:53:51 - src\minecraft\net\minecraft\client\Minecraft.java:484: error: class, interface, or enum expected
21:53:51 -     this.registerMetadataSerializers();
21:53:51 -     ^
21:53:51 - 
21:53:51 - src\minecraft\net\minecraft\client\Minecraft.java:485: error: class, interface, or enum expected
21:53:51 -     this.mcResourcePackRepository = new ResourcePackRepository(this.fileResourcepacks, new File(this.mcDataDir, "server-resource-packs"), this.mcDefaultResourcePack, this.metadataSerializer_, this.gameSettings);
21:53:51 -     ^
21:53:51 - 
21:53:51 - src\minecraft\net\minecraft\client\Minecraft.java:486: error: class, interface, or enum expected
21:53:51 -     this.mcResourceManager = new SimpleReloadableResourceManager(this.metadataSerializer_);
21:53:51 -     ^
21:53:51 - 
21:53:51 - src\minecraft\net\minecraft\client\Minecraft.java:487: error: class, interface, or enum expected
21:53:51 -     this.mcLanguageManager = new LanguageManager(this.metadataSerializer_, this.gameSettings.language);
21:53:51 -     ^
21:53:51 - 
21:53:51 - src\minecraft\net\minecraft\client\Minecraft.java:488: error: class, interface, or enum expected
21:53:51 -     this.mcResourceManager.registerReloadListener(this.mcLanguageManager);
21:53:51 -     ^
21:53:51 - 
21:53:51 - src\minecraft\net\minecraft\client\Minecraft.java:489: error: class, interface, or enum expected
21:53:51 -     this.refreshResources();
21:53:51 -     ^
21:53:51 - 
21:53:51 - src\minecraft\net\minecraft\client\Minecraft.java:490: error: class, interface, or enum expected
21:53:51 -     this.renderEngine = new TextureManager(this.mcResourceManager);
21:53:51 -     ^
21:53:51 - 
21:53:51 - src\minecraft\net\minecraft\client\Minecraft.java:491: error: class, interface, or enum expected
21:53:51 -     this.mcResourceManager.registerReloadListener(this.renderEngine);
21:53:51 -     ^
21:53:51 - 
21:53:51 - src\minecraft\net\minecraft\client\Minecraft.java:492: error: class, interface, or enum expected
21:53:51 -     this.drawSplashScreen(this.renderEngine);
21:53:51 -     ^
21:53:51 - 
21:53:51 - src\minecraft\net\minecraft\client\Minecraft.java:493: error: class, interface, or enum expected
21:53:51 -     this.initStream();
21:53:51 -     ^
21:53:51 - 
21:53:51 - src\minecraft\net\minecraft\client\Minecraft.java:494: error: class, interface, or enum expected
21:53:51 -     this.skinManager = new SkinManager(this.renderEngine, new File(this.fileAssets, "skins"), this.sessionService);
21:53:51 -     ^
21:53:51 - 
21:53:51 - src\minecraft\net\minecraft\client\Minecraft.java:495: error: class, interface, or enum expected
21:53:51 -     this.saveLoader = new AnvilSaveConverter(new File(this.mcDataDir, "saves"));
21:53:51 -     ^
21:53:51 - 
21:53:51 - src\minecraft\net\minecraft\client\Minecraft.java:496: error: class, interface, or enum expected
21:53:51 -     this.mcSoundHandler = new SoundHandler(this.mcResourceManager, this.gameSettings);
21:53:51 -     ^
21:53:51 - 
21:53:51 - src\minecraft\net\minecraft\client\Minecraft.java:497: error: class, interface, or enum expected
21:53:51 -     this.mcResourceManager.registerReloadListener(this.mcSoundHandler);
21:53:52 -     ^
21:53:52 - 
21:53:52 - src\minecraft\net\minecraft\client\Minecraft.java:498: error: class, interface, or enum expected
21:53:52 -     this.mcMusicTicker = new MusicTicker(this);
21:53:52 -     ^
21:53:52 - 
21:53:52 - src\minecraft\net\minecraft\client\Minecraft.java:499: error: class, interface, or enum expected
21:53:52 -     this.fontRendererObj = new FontRenderer(this.gameSettings, new ResourceLocation("textures/font/ascii.png"), this.renderEngine, false);
21:53:52 -     ^
21:53:52 - 
21:53:52 - src\minecraft\net\minecraft\client\Minecraft.java:501: error: class, interface, or enum expected
21:53:52 -     if (this.gameSettings.language != null)
21:53:52 -     ^
21:53:52 - 
21:53:52 - src\minecraft\net\minecraft\client\Minecraft.java:504: error: class, interface, or enum expected
21:53:52 -         this.fontRendererObj.setBidiFlag(this.mcLanguageManager.isCurrentLanguageBidirectional());
21:53:52 -         ^
21:53:52 - 
21:53:52 - src\minecraft\net\minecraft\client\Minecraft.java:505: error: class, interface, or enum expected
21:53:52 -     }
21:53:52 -     ^
21:53:52 - 
21:53:52 - src\minecraft\net\minecraft\client\Minecraft.java:508: error: class, interface, or enum expected
21:53:52 -     this.mcResourceManager.registerReloadListener(this.fontRendererObj);
21:53:52 -     ^
21:53:52 - 
21:53:52 - src\minecraft\net\minecraft\client\Minecraft.java:509: error: class, interface, or enum expected
21:53:52 -     this.mcResourceManager.registerReloadListener(this.standardGalacticFontRenderer);
21:53:52 -     ^
21:53:52 - 
21:53:52 - src\minecraft\net\minecraft\client\Minecraft.java:510: error: class, interface, or enum expected
21:53:52 -     this.mcResourceManager.registerReloadListener(new GrassColorReloadListener());
21:53:52 -     ^
21:53:52 - 
21:53:52 - src\minecraft\net\minecraft\client\Minecraft.java:511: error: class, interface, or enum expected
21:53:52 -     this.mcResourceManager.registerReloadListener(new FoliageColorReloadListener());
21:53:52 -     ^
21:53:52 - 
21:53:52 - src\minecraft\net\minecraft\client\Minecraft.java:512: error: class, interface, or enum expected
21:53:52 -     AchievementList.openInventory.setStatStringFormatter(new IStatStringFormat()
21:53:52 -     ^
21:53:52 - 
21:53:52 - src\minecraft\net\minecraft\client\Minecraft.java:514: error: class, interface, or enum expected
21:53:52 -         public String formatString(String p_74535_1_)
21:53:52 -                ^
21:53:52 - 
21:53:52 - src\minecraft\net\minecraft\client\Minecraft.java:519: error: class, interface, or enum expected
21:53:52 -             }
21:53:52 -             ^
21:53:52 - 
21:53:52 - src\minecraft\net\minecraft\client\Minecraft.java:523: error: class, interface, or enum expected
21:53:52 -             }
21:53:52 -             ^
21:53:52 - 
21:53:52 - src\minecraft\net\minecraft\client\Minecraft.java:526: error: class, interface, or enum expected
21:53:52 -     this.mouseHelper = new MouseHelper();
21:53:52 -     ^
21:53:52 - 
21:53:52 - src\minecraft\net\minecraft\client\Minecraft.java:527: error: class, interface, or enum expected
21:53:52 -     this.checkGLError("Pre startup");
21:53:52 -     ^
21:53:52 - 
21:53:52 - src\minecraft\net\minecraft\client\Minecraft.java:528: error: class, interface, or enum expected
21:53:52 -     GlStateManager.enableTexture2D();
21:53:52 -     ^
21:53:52 - 
21:53:52 - src\minecraft\net\minecraft\client\Minecraft.java:529: error: class, interface, or enum expected
21:53:52 -     GlStateManager.shadeModel(7425);
21:53:52 -     ^
21:53:52 - 
21:53:52 - src\minecraft\net\minecraft\client\Minecraft.java:530: error: class, interface, or enum expected
21:53:52 -     GlStateManager.clearDepth(1.0D);
21:53:52 -     ^
21:53:52 - 
21:53:52 - src\minecraft\net\minecraft\client\Minecraft.java:531: error: class, interface, or enum expected
21:53:52 -     GlStateManager.enableDepth();
21:53:52 -     ^
21:53:52 - 
21:53:52 - src\minecraft\net\minecraft\client\Minecraft.java:532: error: class, interface, or enum expected
21:53:52 -     GlStateManager.depthFunc(515);
21:53:52 -     ^
21:53:52 - 
21:53:52 - src\minecraft\net\minecraft\client\Minecraft.java:533: error: class, interface, or enum expected
21:53:52 -     GlStateManager.enableAlpha();
21:53:52 -     ^
21:53:52 - 
21:53:52 - src\minecraft\net\minecraft\client\Minecraft.java:534: error: class, interface, or enum expected
21:53:52 -     GlStateManager.alphaFunc(516, 0.1F);
21:53:52 -     ^
21:53:52 - 
21:53:52 - src\minecraft\net\minecraft\client\Minecraft.java:535: error: class, interface, or enum expected
21:53:52 -     GlStateManager.cullFace(1029);
21:53:52 -     ^
21:53:52 - 
21:53:52 - src\minecraft\net\minecraft\client\Minecraft.java:536: error: class, interface, or enum expected
21:53:52 -     GlStateManager.matrixMode(5889);
21:53:52 -     ^
21:53:52 - 
21:53:52 - src\minecraft\net\minecraft\client\Minecraft.java:537: error: class, interface, or enum expected
21:53:52 -     GlStateManager.loadIdentity();
21:53:52 -     ^
21:53:52 - 
21:53:52 - src\minecraft\net\minecraft\client\Minecraft.java:538: error: class, interface, or enum expected
21:53:52 -     GlStateManager.matrixMode(5888);
21:53:52 -     ^
21:53:52 - 
21:53:52 - src\minecraft\net\minecraft\client\Minecraft.java:539: error: class, interface, or enum expected
21:53:52 -     this.checkGLError("Startup");
21:53:52 -     ^
21:53:52 - 
21:53:52 - src\minecraft\net\minecraft\client\Minecraft.java:540: error: class, interface, or enum expected
21:53:52 -     this.textureMapBlocks = new TextureMap("textures");
21:53:52 -     ^
21:53:52 - 
21:53:52 - src\minecraft\net\minecraft\client\Minecraft.java:541: error: class, interface, or enum expected
21:53:52 -     this.textureMapBlocks.setMipmapLevels(this.gameSettings.mipmapLevels);
21:53:52 -     ^
21:53:52 - 
21:53:52 - src\minecraft\net\minecraft\client\Minecraft.java:542: error: class, interface, or enum expected
21:53:52 -     this.renderEngine.loadTickableTexture(TextureMap.locationBlocksTexture, this.textureMapBlocks);
21:53:52 -     ^
21:53:52 - 
21:53:52 - src\minecraft\net\minecraft\client\Minecraft.java:543: error: class, interface, or enum expected
21:53:52 -     this.renderEngine.bindTexture(TextureMap.locationBlocksTexture);
21:53:52 -     ^
21:53:52 - 
21:53:52 - src\minecraft\net\minecraft\client\Minecraft.java:544: error: class, interface, or enum expected
21:53:52 -     this.textureMapBlocks.setBlurMipmapDirect(false, this.gameSettings.mipmapLevels > 0);
21:53:52 -     ^
21:53:52 - 
21:53:52 - src\minecraft\net\minecraft\client\Minecraft.java:545: error: class, interface, or enum expected
21:53:52 -     this.modelManager = new ModelManager(this.textureMapBlocks);
21:53:52 -     ^
21:53:52 - 
21:53:52 - src\minecraft\net\minecraft\client\Minecraft.java:546: error: class, interface, or enum expected
21:53:52 -     this.mcResourceManager.registerReloadListener(this.modelManager);
21:53:52 -     ^
21:53:52 - 
21:53:52 - src\minecraft\net\minecraft\client\Minecraft.java:547: error: class, interface, or enum expected
21:53:52 -     this.renderItem = new RenderItem(this.renderEngine, this.modelManager);
21:53:52 -     ^
21:53:52 - 
21:53:52 - src\minecraft\net\minecraft\client\Minecraft.java:548: error: class, interface, or enum expected
21:53:52 -     this.renderManager = new RenderManager(this.renderEngine, this.renderItem);
21:53:52 -     ^
21:53:52 - 
21:53:52 - src\minecraft\net\minecraft\client\Minecraft.java:549: error: class, interface, or enum expected
21:53:52 -     this.itemRenderer = new ItemRenderer(this);
21:53:52 -     ^
21:53:52 - 
21:53:52 - src\minecraft\net\minecraft\client\Minecraft.java:550: error: class, interface, or enum expected
21:53:52 -     this.mcResourceManager.registerReloadListener(this.renderItem);
21:53:52 -     ^
21:53:52 - 
21:53:52 - src\minecraft\net\minecraft\client\Minecraft.java:551: error: class, interface, or enum expected
21:53:52 -     this.entityRenderer = new EntityRenderer(this, this.mcResourceManager);
21:53:52 -     ^
21:53:52 - 
21:53:52 - src\minecraft\net\minecraft\client\Minecraft.java:552: error: class, interface, or enum expected
21:53:52 -     this.mcResourceManager.registerReloadListener(this.entityRenderer);
21:53:52 -     ^
21:53:52 - 
21:53:52 - src\minecraft\net\minecraft\client\Minecraft.java:553: error: class, interface, or enum expected
21:53:52 -     this.blockRenderDispatcher = new BlockRendererDispatcher(this.modelManager.getBlockModelShapes(), this.gameSettings);
21:53:52 -     ^
21:53:52 - 
21:53:52 - src\minecraft\net\minecraft\client\Minecraft.java:554: error: class, interface, or enum expected
21:53:52 -     this.mcResourceManager.registerReloadListener(this.blockRenderDispatcher);
21:53:52 -     ^
21:53:52 - 
21:53:52 - src\minecraft\net\minecraft\client\Minecraft.java:555: error: class, interface, or enum expected
21:53:52 -     this.renderGlobal = new RenderGlobal(this);
21:53:52 -     ^
21:53:52 - 
21:53:52 - src\minecraft\net\minecraft\client\Minecraft.java:556: error: class, interface, or enum expected
21:53:52 -     this.mcResourceManager.registerReloadListener(this.renderGlobal);
21:53:52 -     ^
21:53:52 - 
21:53:52 - src\minecraft\net\minecraft\client\Minecraft.java:557: error: class, interface, or enum expected
21:53:52 -     this.guiAchievement = new GuiAchievement(this);
21:53:52 -     ^
21:53:52 - 
21:53:52 - src\minecraft\net\minecraft\client\Minecraft.java:558: error: class, interface, or enum expected
21:53:52 -     GlStateManager.viewport(0, 0, this.displayWidth, this.displayHeight);
21:53:52 -     ^
21:53:52 - 
21:53:52 - src\minecraft\net\minecraft\client\Minecraft.java:559: error: class, interface, or enum expected
21:53:52 -     this.effectRenderer = new EffectRenderer(this.theWorld, this.renderEngine);
21:53:52 -     ^
21:53:52 - 
21:53:52 - src\minecraft\net\minecraft\client\Minecraft.java:560: error: class, interface, or enum expected
21:53:52 -     this.checkGLError("Post startup");
21:53:52 -     ^
21:53:52 - 
21:53:52 - src\minecraft\net\minecraft\client\Minecraft.java:561: error: class, interface, or enum expected
21:53:52 -     this.ingameGUI = new GuiIngame(this);
21:53:52 -     ^
21:53:52 - 
21:53:52 - src\minecraft\net\minecraft\client\Minecraft.java:563: error: class, interface, or enum expected
21:53:52 -     if (this.serverName != null)
21:53:52 -     ^
21:53:52 - 
21:53:52 - src\minecraft\net\minecraft\client\Minecraft.java:566: error: class, interface, or enum expected
21:53:52 -     }
21:53:52 -     ^
21:53:52 - 
21:53:52 - src\minecraft\net\minecraft\client\Minecraft.java:570: error: class, interface, or enum expected
21:53:52 -     }
21:53:52 -     ^
21:53:52 - 
21:53:52 - src\minecraft\net\minecraft\client\Minecraft.java:573: error: class, interface, or enum expected
21:53:52 -     this.mojangLogo = null;
21:53:52 -     ^
21:53:52 - 
21:53:52 - src\minecraft\net\minecraft\client\Minecraft.java:574: error: class, interface, or enum expected
21:53:52 -     this.loadingScreen = new LoadingScreenRenderer(this);
21:53:52 -     ^
21:53:52 - 
21:53:52 - src\minecraft\net\minecraft\client\Minecraft.java:576: error: class, interface, or enum expected
21:53:52 -     if (this.gameSettings.fullScreen && !this.fullscreen)
21:53:52 -     ^
21:53:52 - 
21:53:52 - src\minecraft\net\minecraft\client\Minecraft.java:579: error: class, interface, or enum expected
21:53:52 -     }
21:53:52 -     ^
21:53:52 - 
21:53:52 - src\minecraft\net\minecraft\client\Minecraft.java:584: error: class, interface, or enum expected
21:53:52 -     }
21:53:52 -     ^
21:53:52 - 
21:53:52 - src\minecraft\net\minecraft\client\Minecraft.java:588: error: class, interface, or enum expected
21:53:52 -         this.gameSettings.saveOptions();
21:53:52 -         ^
21:53:52 - 
21:53:52 - src\minecraft\net\minecraft\client\Minecraft.java:589: error: class, interface, or enum expected
21:53:52 -     }
21:53:52 -     ^
21:53:52 - 
21:53:52 - src\minecraft\net\minecraft\client\Minecraft.java:592: error: class, interface, or enum expected
21:53:52 - }
21:53:52 - ^
21:53:52 - 
21:53:52 - src\minecraft\net\minecraft\client\Minecraft.java:596: error: <identifier> expected
21:53:52 -     this.metadataSerializer_.registerMetadataSectionType(new TextureMetadataSectionSerializer(), TextureMetadataSection.class);
21:53:52 -                                                                                                                              ^
21:53:52 - 
21:53:52 - src\minecraft\net\minecraft\client\Minecraft.java:597: error: illegal start of type
21:53:52 -     this.metadataSerializer_.registerMetadataSectionType(new FontMetadataSectionSerializer(), FontMetadataSection.class);
21:53:52 -     ^
21:53:52 - 
21:53:52 - src\minecraft\net\minecraft\client\Minecraft.java:597: error: ';' expected
21:53:52 -     this.metadataSerializer_.registerMetadataSectionType(new FontMetadataSectionSerializer(), FontMetadataSection.class);
21:53:52 -         ^
21:53:52 - 
21:53:52 - src\minecraft\net\minecraft\client\Minecraft.java:597: error: <identifier> expected
21:53:52 -     this.metadataSerializer_.registerMetadataSectionType(new FontMetadataSectionSerializer(), FontMetadataSection.class);
21:53:52 -                                                         ^
21:53:52 - 
21:53:52 - src\minecraft\net\minecraft\client\Minecraft.java:597: error: illegal start of type
21:53:52 -     this.metadataSerializer_.registerMetadataSectionType(new FontMetadataSectionSerializer(), FontMetadataSection.class);
21:53:52 -                                                          ^
21:53:52 - 
21:53:52 - src\minecraft\net\minecraft\client\Minecraft.java:597: error: ')' expected
21:53:52 -     this.metadataSerializer_.registerMetadataSectionType(new FontMetadataSectionSerializer(), FontMetadataSection.class);
21:53:52 -                                                             ^
21:53:52 - 
21:53:52 - src\minecraft\net\minecraft\client\Minecraft.java:597: error: ';' expected
21:53:52 -     this.metadataSerializer_.registerMetadataSectionType(new FontMetadataSectionSerializer(), FontMetadataSection.class);
21:53:52 -                                                                                           ^
21:53:52 - 
21:53:52 - src\minecraft\net\minecraft\client\Minecraft.java:597: error: illegal start of type
21:53:52 -     this.metadataSerializer_.registerMetadataSectionType(new FontMetadataSectionSerializer(), FontMetadataSection.class);
21:53:52 -                                                                                            ^
21:53:52 - 
21:53:52 - src\minecraft\net\minecraft\client\Minecraft.java:597: error: <identifier> expected
21:53:52 -     this.metadataSerializer_.registerMetadataSectionType(new FontMetadataSectionSerializer(), FontMetadataSection.class);
21:53:52 -                                                                                             ^
21:53:52 - 
21:53:52 - 100 errors
21:53:52 - ==================
21:53:52 - 
21:53:52 - Initial client recompile failed, correct source then run updatemd5
